{
  "RSpec": {
    "coverage": {
      "/Users/joshng/Makers/full-time/afternoon-challenges/week6/MakersBnB/makersbnb/app.rb": {
        "lines": [
          null,
          null,
          1,
          1,
          null,
          null,
          1,
          1,
          null,
          1,
          6,
          null,
          null,
          1,
          3,
          null,
          null,
          1,
          3,
          3,
          3,
          null,
          3,
          null,
          null,
          1,
          3,
          null,
          3,
          null,
          null,
          1,
          1,
          null,
          null,
          1,
          0,
          null,
          null,
          1,
          null,
          0,
          null,
          null,
          1,
          3,
          3,
          null,
          null,
          1,
          3,
          null,
          null,
          1,
          null
        ]
      },
      "/Users/joshng/Makers/full-time/afternoon-challenges/week6/MakersBnB/makersbnb/lib/user.rb": {
        "lines": [
          null,
          null,
          1,
          null,
          null,
          1,
          1,
          null,
          1,
          0,
          0,
          null,
          null,
          1,
          6,
          6,
          null,
          0,
          null,
          6,
          null,
          null,
          1,
          7,
          7,
          7,
          7,
          null,
          0,
          null,
          null,
          7,
          7,
          null,
          5,
          null,
          null,
          null,
          null,
          null,
          null,
          null,
          null,
          null,
          null,
          null,
          null,
          null,
          null,
          null,
          null,
          null,
          null,
          null,
          null,
          null,
          null,
          null,
          null,
          null
        ]
      },
      "/Users/joshng/Makers/full-time/afternoon-challenges/week6/MakersBnB/makersbnb/spec/authentication_spec.rb": {
        "lines": [
          null,
          null,
          1,
          1,
          1,
          1,
          1,
          null,
          null
        ]
      },
      "/Users/joshng/Makers/full-time/afternoon-challenges/week6/MakersBnB/makersbnb/spec/features/listing_spec.rb": {
        "lines": [
          null,
          null,
          null,
          null,
          null,
          null,
          null,
          null,
          null,
          null,
          null,
          null
        ]
      },
      "/Users/joshng/Makers/full-time/afternoon-challenges/week6/MakersBnB/makersbnb/spec/features/logging_in_spec.rb": {
        "lines": [
          null,
          null,
          1,
          1,
          1,
          1,
          null,
          1,
          1,
          1,
          1,
          1,
          1,
          1,
          1,
          null,
          null
        ]
      },
      "/Users/joshng/Makers/full-time/afternoon-challenges/week6/MakersBnB/makersbnb/spec/features/signing_up_spec.rb": {
        "lines": [
          null,
          null,
          1,
          1,
          1,
          1,
          null,
          null
        ]
      },
      "/Users/joshng/Makers/full-time/afternoon-challenges/week6/MakersBnB/makersbnb/spec/features/view_spaces_spec.rb": {
        "lines": [
          null,
          null,
          1,
          1,
          1,
          1,
          1,
          null,
          null
        ]
      },
      "/Users/joshng/Makers/full-time/afternoon-challenges/week6/MakersBnB/makersbnb/spec/space_spec.rb": {
        "lines": [
          null,
          null,
          1,
          null,
          1,
          1,
          1,
          1,
          1,
          1,
          1,
          null,
          null,
          null,
          null,
          null,
          null,
          null,
          null,
          null,
          null,
          null,
          null,
          null,
          null,
          null,
          null,
          null
        ]
      },
      "/Users/joshng/Makers/full-time/afternoon-challenges/week6/MakersBnB/makersbnb/lib/space.rb": {
        "lines": [
          null,
          null,
          null,
          1,
          1,
          null,
          1,
          1,
          1,
          null,
          null,
          1,
          1,
          1,
          null,
          0,
          null,
          1,
          1,
          1,
          null,
          null,
          null
        ]
      },
      "/Users/joshng/Makers/full-time/afternoon-challenges/week6/MakersBnB/makersbnb/spec/user_spec.rb": {
        "lines": [
          null,
          null,
          1,
          null,
          1,
          1,
          1,
          1,
          1,
          1,
          null,
          null,
          1,
          1,
          1,
          null,
          null,
          1,
          1,
          1,
          1,
          null,
          null,
          null
        ]
      }
    },
    "timestamp": 1594906761
  }
}
